[00:00:09] [Server thread/WARN]: Can't keep up! Is the server overloaded? Running 11706ms or 234 ticks behind
[00:00:14] [Server thread/INFO]: [Poopsi: Teleported Poopsi to -616.500000, 148.500000, 1082.500000]
[00:00:16] [Worker-Main-15/WARN]: Empty or non-existent pool: minecraft:witch_hut/foundation
[00:00:16] [Worker-Main-15/WARN]: Empty or non-existent pool: minecraft:witch_hut/foundation
[00:00:16] [Worker-Main-15/WARN]: Empty or non-existent pool: minecraft:witch_hut/foundation
[00:00:16] [Worker-Main-15/WARN]: Empty or non-existent pool: minecraft:witch_hut/foundation
[00:00:16] [Worker-Main-15/WARN]: Empty or non-existent pool: minecraft:witch_hut/foundation
[00:00:16] [Worker-Main-15/WARN]: Empty or non-existent pool: minecraft:witch_hut/foundation
[00:00:16] [Worker-Main-15/WARN]: Empty or non-existent pool: minecraft:witch_hut/foundation
[00:00:16] [Worker-Main-15/WARN]: Empty or non-existent pool: minecraft:witch_hut/foundation
[00:00:16] [Worker-Main-15/WARN]: Empty or non-existent pool: minecraft:witch_hut/foundation
[00:00:16] [Worker-Main-15/WARN]: Empty or non-existent pool: minecraft:witch_hut/foundation
[00:01:02] [Server thread/INFO]: Dioweo has made the advancement [Stay dead]
[00:01:02] [Server thread/INFO]: Dioweo has made the advancement [Walking Dead]
[00:01:05] [Server thread/INFO]: Dioweo has made the advancement [Source of Evil]
[00:02:48] [Server thread/WARN]: Can't keep up! Is the server overloaded? Running 2035ms or 40 ticks behind
[00:03:26] [Server thread/WARN]: Tried to load a DUMMY block entity @ class_2338{x=-449, y=95, z=1264} but found not block entity block Block{minecraft:ice} at location
[00:03:26] [Server thread/WARN]: Tried to load a block entity for block Block{minecraft:ice} but failed at location class_2338{x=-449, y=95, z=1264}
[00:03:26] [Server thread/WARN]: Tried to load a DUMMY block entity @ class_2338{x=-450, y=96, z=1264} but found not block entity block Block{minecraft:ice} at location
[00:03:26] [Server thread/WARN]: Tried to load a block entity for block Block{minecraft:ice} but failed at location class_2338{x=-450, y=96, z=1264}
[00:03:26] [Server thread/WARN]: Tried to load a DUMMY block entity @ class_2338{x=-449, y=96, z=1264} but found not block entity block Block{minecraft:ice} at location
[00:03:26] [Server thread/WARN]: Tried to load a block entity for block Block{minecraft:ice} but failed at location class_2338{x=-449, y=96, z=1264}
[00:03:31] [Server thread/WARN]: Tried to load a DUMMY block entity @ class_2338{x=-576, y=69, z=1345} but found not block entity block Block{minecraft:ice} at location
[00:03:31] [Server thread/WARN]: Tried to load a block entity for block Block{minecraft:ice} but failed at location class_2338{x=-576, y=69, z=1345}
[00:03:31] [Server thread/WARN]: Tried to load a DUMMY block entity @ class_2338{x=-577, y=69, z=1346} but found not block entity block Block{minecraft:ice} at location
[00:03:31] [Server thread/WARN]: Tried to load a block entity for block Block{minecraft:ice} but failed at location class_2338{x=-577, y=69, z=1346}
[00:03:32] [Server thread/INFO]: [Poopsi: Teleported Poopsi to -573.500000, 92.500000, 1141.500000]
[00:03:33] [Server thread/INFO]: Poopsi froze to death
[00:03:35] [Netty Epoll Server IO #3/INFO]: [do_a_barrel_roll] Client of Poopsi accepted server config.
[00:03:40] [Server thread/WARN]: Can't keep up! Is the server overloaded? Running 3828ms or 76 ticks behind
[00:03:42] [Server thread/WARN]: Tried to load a DUMMY block entity @ class_2338{x=-497, y=90, z=1375} but found not block entity block Block{minecraft:ice} at location
[00:03:42] [Server thread/WARN]: Tried to load a block entity for block Block{minecraft:ice} but failed at location class_2338{x=-497, y=90, z=1375}
[00:03:42] [Server thread/WARN]: Tried to load a DUMMY block entity @ class_2338{x=-498, y=92, z=1374} but found not block entity block Block{minecraft:ice} at location
[00:03:42] [Server thread/WARN]: Tried to load a block entity for block Block{minecraft:ice} but failed at location class_2338{x=-498, y=92, z=1374}
[00:03:44] [Server thread/INFO]: [Poopsi: Teleported Poopsi to -562.500000, 117.500000, 1110.500000]
[00:03:52] [Server thread/WARN]: Tried to load a DUMMY block entity @ class_2338{x=-496, y=91, z=1327} but found not block entity block Block{minecraft:ice} at location
[00:03:52] [Server thread/WARN]: Tried to load a block entity for block Block{minecraft:ice} but failed at location class_2338{x=-496, y=91, z=1327}
[00:03:59] [Server thread/WARN]: Can't keep up! Is the server overloaded? Running 2001ms or 40 ticks behind
[00:04:09] [Server thread/WARN]: Tried to load a DUMMY block entity @ class_2338{x=-400, y=71, z=1231} but found not block entity block Block{minecraft:ice} at location
[00:04:09] [Server thread/WARN]: Tried to load a block entity for block Block{minecraft:ice} but failed at location class_2338{x=-400, y=71, z=1231}
[00:04:09] [Server thread/WARN]: Tried to load a DUMMY block entity @ class_2338{x=-399, y=72, z=1231} but found not block entity block Block{minecraft:ice} at location
[00:04:09] [Server thread/WARN]: Tried to load a block entity for block Block{minecraft:ice} but failed at location class_2338{x=-399, y=72, z=1231}
[00:04:09] [Server thread/WARN]: Tried to load a DUMMY block entity @ class_2338{x=-399, y=71, z=1231} but found not block entity block Block{minecraft:ice} at location
[00:04:09] [Server thread/WARN]: Tried to load a block entity for block Block{minecraft:ice} but failed at location class_2338{x=-399, y=71, z=1231}
[00:04:09] [Server thread/WARN]: Tried to load a DUMMY block entity @ class_2338{x=-400, y=72, z=1231} but found not block entity block Block{minecraft:ice} at location
[00:04:09] [Server thread/WARN]: Tried to load a block entity for block Block{minecraft:ice} but failed at location class_2338{x=-400, y=72, z=1231}
[00:04:09] [Server thread/WARN]: Tried to load a DUMMY block entity @ class_2338{x=-398, y=72, z=1232} but found not block entity block Block{minecraft:ice} at location
[00:04:09] [Server thread/WARN]: Tried to load a block entity for block Block{minecraft:ice} but failed at location class_2338{x=-398, y=72, z=1232}
[00:04:09] [Server thread/WARN]: Tried to load a DUMMY block entity @ class_2338{x=-399, y=71, z=1232} but found not block entity block Block{minecraft:ice} at location
[00:04:09] [Server thread/WARN]: Tried to load a block entity for block Block{minecraft:ice} but failed at location class_2338{x=-399, y=71, z=1232}
[00:04:09] [Server thread/WARN]: Tried to load a DUMMY block entity @ class_2338{x=-400, y=71, z=1233} but found not block entity block Block{minecraft:ice} at location
[00:04:09] [Server thread/WARN]: Tried to load a block entity for block Block{minecraft:ice} but failed at location class_2338{x=-400, y=71, z=1233}
[00:04:09] [Server thread/WARN]: Tried to load a DUMMY block entity @ class_2338{x=-399, y=72, z=1233} but found not block entity block Block{minecraft:ice} at location
[00:04:09] [Server thread/WARN]: Tried to load a block entity for block Block{minecraft:ice} but failed at location class_2338{x=-399, y=72, z=1233}
[00:04:09] [Server thread/WARN]: Tried to load a DUMMY block entity @ class_2338{x=-398, y=71, z=1232} but found not block entity block Block{minecraft:ice} at location
[00:04:09] [Server thread/WARN]: Tried to load a block entity for block Block{minecraft:ice} but failed at location class_2338{x=-398, y=71, z=1232}
[00:04:09] [Server thread/WARN]: Tried to load a DUMMY block entity @ class_2338{x=-398, y=72, z=1233} but found not block entity block Block{minecraft:ice} at location
[00:04:09] [Server thread/WARN]: Tried to load a block entity for block Block{minecraft:ice} but failed at location class_2338{x=-398, y=72, z=1233}
[00:04:09] [Server thread/WARN]: Tried to load a DUMMY block entity @ class_2338{x=-400, y=72, z=1232} but found not block entity block Block{minecraft:ice} at location
[00:04:09] [Server thread/WARN]: Tried to load a block entity for block Block{minecraft:ice} but failed at location class_2338{x=-400, y=72, z=1232}
[00:04:09] [Server thread/WARN]: Tried to load a DUMMY block entity @ class_2338{x=-399, y=73, z=1232} but found not block entity block Block{minecraft:ice} at location
[00:04:09] [Server thread/WARN]: Tried to load a block entity for block Block{minecraft:ice} but failed at location class_2338{x=-399, y=73, z=1232}
[00:04:09] [Server thread/WARN]: Tried to load a DUMMY block entity @ class_2338{x=-400, y=71, z=1232} but found not block entity block Block{minecraft:ice} at location
[00:04:09] [Server thread/WARN]: Tried to load a block entity for block Block{minecraft:ice} but failed at location class_2338{x=-400, y=71, z=1232}
[00:04:09] [Server thread/WARN]: Tried to load a DUMMY block entity @ class_2338{x=-400, y=72, z=1233} but found not block entity block Block{minecraft:ice} at location
[00:04:09] [Server thread/WARN]: Tried to load a block entity for block Block{minecraft:ice} but failed at location class_2338{x=-400, y=72, z=1233}
[00:04:09] [Server thread/WARN]: Tried to load a DUMMY block entity @ class_2338{x=-385, y=96, z=1247} but found not block entity block Block{minecraft:ice} at location
[00:04:09] [Server thread/WARN]: Tried to load a block entity for block Block{minecraft:ice} but failed at location class_2338{x=-385, y=96, z=1247}
[00:04:09] [Server thread/WARN]: Tried to load a DUMMY block entity @ class_2338{x=-385, y=95, z=1246} but found not block entity block Block{minecraft:ice} at location
[00:04:09] [Server thread/WARN]: Tried to load a block entity for block Block{minecraft:ice} but failed at location class_2338{x=-385, y=95, z=1246}
[00:04:09] [Server thread/WARN]: Tried to load a DUMMY block entity @ class_2338{x=-385, y=95, z=1247} but found not block entity block Block{minecraft:ice} at location
[00:04:09] [Server thread/WARN]: Tried to load a block entity for block Block{minecraft:ice} but failed at location class_2338{x=-385, y=95, z=1247}
[00:04:09] [Server thread/WARN]: Tried to load a DUMMY block entity @ class_2338{x=-398, y=71, z=1233} but found not block entity block Block{minecraft:ice} at location
[00:04:09] [Server thread/WARN]: Tried to load a block entity for block Block{minecraft:ice} but failed at location class_2338{x=-398, y=71, z=1233}
[00:04:09] [Server thread/WARN]: Tried to load a DUMMY block entity @ class_2338{x=-386, y=96, z=1247} but found not block entity block Block{minecraft:ice} at location
[00:04:09] [Server thread/WARN]: Tried to load a block entity for block Block{minecraft:ice} but failed at location class_2338{x=-386, y=96, z=1247}
[00:04:09] [Server thread/WARN]: Tried to load a DUMMY block entity @ class_2338{x=-385, y=96, z=1246} but found not block entity block Block{minecraft:ice} at location
[00:04:09] [Server thread/WARN]: Tried to load a block entity for block Block{minecraft:ice} but failed at location class_2338{x=-385, y=96, z=1246}
[00:04:09] [Server thread/WARN]: Tried to load a DUMMY block entity @ class_2338{x=-385, y=97, z=1247} but found not block entity block Block{minecraft:ice} at location
[00:04:09] [Server thread/WARN]: Tried to load a block entity for block Block{minecraft:ice} but failed at location class_2338{x=-385, y=97, z=1247}
[00:04:09] [Server thread/WARN]: Tried to load a DUMMY block entity @ class_2338{x=-385, y=94, z=1247} but found not block entity block Block{minecraft:ice} at location
[00:04:09] [Server thread/WARN]: Tried to load a block entity for block Block{minecraft:ice} but failed at location class_2338{x=-385, y=94, z=1247}
[00:04:15] [Server thread/INFO]: Poopsi claimed a grave belonging to Poopsi at -574, 92, 1141, minecraft:overworld
[00:04:24] [Server thread/INFO]: [Poopsi: Teleported Poopsi to -644.500000, 131.500000, 1253.500000]
[00:04:27] [Server thread/WARN]: Tried to load a DUMMY block entity @ class_2338{x=-496, y=91, z=1375} but found not block entity block Block{minecraft:ice} at location
[00:04:27] [Server thread/WARN]: Tried to load a block entity for block Block{minecraft:ice} but failed at location class_2338{x=-496, y=91, z=1375}
[00:04:27] [Server thread/WARN]: Tried to load a DUMMY block entity @ class_2338{x=-496, y=90, z=1375} but found not block entity block Block{minecraft:ice} at location
[00:04:27] [Server thread/WARN]: Tried to load a block entity for block Block{minecraft:ice} but failed at location class_2338{x=-496, y=90, z=1375}
[00:04:27] [Server thread/WARN]: Tried to load a DUMMY block entity @ class_2338{x=-496, y=92, z=1375} but found not block entity block Block{minecraft:ice} at location
[00:04:27] [Server thread/WARN]: Tried to load a block entity for block Block{minecraft:ice} but failed at location class_2338{x=-496, y=92, z=1375}
[00:04:27] [Server thread/WARN]: Tried to load a DUMMY block entity @ class_2338{x=-495, y=91, z=1376} but found not block entity block Block{minecraft:ice} at location
[00:04:27] [Server thread/WARN]: Tried to load a block entity for block Block{minecraft:ice} but failed at location class_2338{x=-495, y=91, z=1376}
[00:04:27] [Server thread/WARN]: Tried to load a DUMMY block entity @ class_2338{x=-496, y=90, z=1376} but found not block entity block Block{minecraft:ice} at location
[00:04:27] [Server thread/WARN]: Tried to load a block entity for block Block{minecraft:ice} but failed at location class_2338{x=-496, y=90, z=1376}
[00:04:27] [Server thread/WARN]: Tried to load a DUMMY block entity @ class_2338{x=-496, y=91, z=1377} but found not block entity block Block{minecraft:ice} at location
[00:04:27] [Server thread/WARN]: Tried to load a block entity for block Block{minecraft:ice} but failed at location class_2338{x=-496, y=91, z=1377}
[00:04:27] [Server thread/WARN]: Tried to load a DUMMY block entity @ class_2338{x=-496, y=90, z=1377} but found not block entity block Block{minecraft:ice} at location
[00:04:27] [Server thread/WARN]: Tried to load a block entity for block Block{minecraft:ice} but failed at location class_2338{x=-496, y=90, z=1377}
[00:04:27] [Server thread/WARN]: Tried to load a DUMMY block entity @ class_2338{x=-495, y=90, z=1377} but found not block entity block Block{minecraft:ice} at location
[00:04:27] [Server thread/WARN]: Tried to load a block entity for block Block{minecraft:ice} but failed at location class_2338{x=-495, y=90, z=1377}
[00:04:30] [Server thread/WARN]: Can't keep up! Is the server overloaded? Running 2496ms or 49 ticks behind
[00:04:55] [Server thread/WARN]: Tried to load a DUMMY block entity @ class_2338{x=-833, y=110, z=1391} but found not block entity block Block{minecraft:ice} at location
[00:04:55] [Server thread/WARN]: Tried to load a block entity for block Block{minecraft:ice} but failed at location class_2338{x=-833, y=110, z=1391}
[00:04:55] [Server thread/WARN]: Tried to load a DUMMY block entity @ class_2338{x=-834, y=109, z=1391} but found not block entity block Block{minecraft:ice} at location
[00:04:55] [Server thread/WARN]: Tried to load a block entity for block Block{minecraft:ice} but failed at location class_2338{x=-834, y=109, z=1391}
[00:04:55] [Server thread/WARN]: Tried to load a DUMMY block entity @ class_2338{x=-833, y=109, z=1391} but found not block entity block Block{minecraft:ice} at location
[00:04:55] [Server thread/WARN]: Tried to load a block entity for block Block{minecraft:ice} but failed at location class_2338{x=-833, y=109, z=1391}
[00:04:55] [Server thread/WARN]: Tried to load a DUMMY block entity @ class_2338{x=-835, y=110, z=1391} but found not block entity block Block{minecraft:ice} at location
[00:04:55] [Server thread/WARN]: Tried to load a block entity for block Block{minecraft:ice} but failed at location class_2338{x=-835, y=110, z=1391}
[00:04:55] [Server thread/WARN]: Tried to load a DUMMY block entity @ class_2338{x=-835, y=109, z=1391} but found not block entity block Block{minecraft:ice} at location
[00:04:55] [Server thread/WARN]: Tried to load a block entity for block Block{minecraft:ice} but failed at location class_2338{x=-835, y=109, z=1391}
[00:04:55] [Server thread/WARN]: Tried to load a DUMMY block entity @ class_2338{x=-834, y=109, z=1392} but found not block entity block Block{minecraft:ice} at location
[00:04:55] [Server thread/WARN]: Tried to load a block entity for block Block{minecraft:ice} but failed at location class_2338{x=-834, y=109, z=1392}
[00:04:55] [Server thread/WARN]: Tried to load a DUMMY block entity @ class_2338{x=-833, y=109, z=1392} but found not block entity block Block{minecraft:ice} at location
[00:04:55] [Server thread/WARN]: Tried to load a block entity for block Block{minecraft:ice} but failed at location class_2338{x=-833, y=109, z=1392}
[00:04:55] [Server thread/WARN]: Tried to load a DUMMY block entity @ class_2338{x=-833, y=110, z=1393} but found not block entity block Block{minecraft:ice} at location
[00:04:55] [Server thread/WARN]: Tried to load a block entity for block Block{minecraft:ice} but failed at location class_2338{x=-833, y=110, z=1393}
[00:05:02] [Server thread/WARN]: Can't keep up! Is the server overloaded? Running 2642ms or 52 ticks behind
[00:05:05] [Server thread/WARN]: Tried to load a DUMMY block entity @ class_2338{x=-864, y=103, z=1245} but found not block entity block Block{minecraft:ice} at location
[00:05:05] [Server thread/WARN]: Tried to load a block entity for block Block{minecraft:ice} but failed at location class_2338{x=-864, y=103, z=1245}
[00:05:05] [Server thread/WARN]: Tried to load a DUMMY block entity @ class_2338{x=-863, y=104, z=1245} but found not block entity block Block{minecraft:ice} at location
[00:05:05] [Server thread/WARN]: Tried to load a block entity for block Block{minecraft:ice} but failed at location class_2338{x=-863, y=104, z=1245}
[00:05:05] [Server thread/WARN]: Tried to load a DUMMY block entity @ class_2338{x=-864, y=103, z=1246} but found not block entity block Block{minecraft:ice} at location
[00:05:05] [Server thread/WARN]: Tried to load a block entity for block Block{minecraft:ice} but failed at location class_2338{x=-864, y=103, z=1246}
[00:05:05] [Server thread/WARN]: Tried to load a DUMMY block entity @ class_2338{x=-863, y=104, z=1246} but found not block entity block Block{minecraft:ice} at location
[00:05:05] [Server thread/WARN]: Tried to load a block entity for block Block{minecraft:ice} but failed at location class_2338{x=-863, y=104, z=1246}
[00:05:05] [Server thread/WARN]: Tried to load a DUMMY block entity @ class_2338{x=-864, y=104, z=1245} but found not block entity block Block{minecraft:ice} at location
[00:05:05] [Server thread/WARN]: Tried to load a block entity for block Block{minecraft:ice} but failed at location class_2338{x=-864, y=104, z=1245}
[00:05:05] [Server thread/WARN]: Tried to load a DUMMY block entity @ class_2338{x=-864, y=105, z=1246} but found not block entity block Block{minecraft:ice} at location
[00:05:05] [Server thread/WARN]: Tried to load a block entity for block Block{minecraft:ice} but failed at location class_2338{x=-864, y=105, z=1246}
[00:05:05] [Server thread/WARN]: Tried to load a DUMMY block entity @ class_2338{x=-863, y=103, z=1246} but found not block entity block Block{minecraft:ice} at location
[00:05:05] [Server thread/WARN]: Tried to load a block entity for block Block{minecraft:ice} but failed at location class_2338{x=-863, y=103, z=1246}
[00:05:05] [Server thread/WARN]: Tried to load a DUMMY block entity @ class_2338{x=-863, y=104, z=1247} but found not block entity block Block{minecraft:ice} at location
[00:05:05] [Server thread/WARN]: Tried to load a block entity for block Block{minecraft:ice} but failed at location class_2338{x=-863, y=104, z=1247}
[00:05:05] [Server thread/WARN]: Tried to load a DUMMY block entity @ class_2338{x=-849, y=97, z=1232} but found not block entity block Block{minecraft:ice} at location
[00:05:05] [Server thread/WARN]: Tried to load a block entity for block Block{minecraft:ice} but failed at location class_2338{x=-849, y=97, z=1232}
[00:05:05] [Server thread/WARN]: Tried to load a DUMMY block entity @ class_2338{x=-849, y=97, z=1233} but found not block entity block Block{minecraft:ice} at location
[00:05:05] [Server thread/WARN]: Tried to load a block entity for block Block{minecraft:ice} but failed at location class_2338{x=-849, y=97, z=1233}
[00:05:05] [Server thread/WARN]: Tried to load a DUMMY block entity @ class_2338{x=-849, y=99, z=1233} but found not block entity block Block{minecraft:ice} at location
[00:05:05] [Server thread/WARN]: Tried to load a block entity for block Block{minecraft:ice} but failed at location class_2338{x=-849, y=99, z=1233}
[00:05:05] [Server thread/WARN]: Tried to load a DUMMY block entity @ class_2338{x=-849, y=98, z=1232} but found not block entity block Block{minecraft:ice} at location
[00:05:05] [Server thread/WARN]: Tried to load a block entity for block Block{minecraft:ice} but failed at location class_2338{x=-849, y=98, z=1232}
[00:05:05] [Server thread/WARN]: Tried to load a DUMMY block entity @ class_2338{x=-850, y=98, z=1230} but found not block entity block Block{minecraft:ice} at location
[00:05:05] [Server thread/WARN]: Tried to load a block entity for block Block{minecraft:ice} but failed at location class_2338{x=-850, y=98, z=1230}
[00:05:05] [Server thread/WARN]: Tried to load a DUMMY block entity @ class_2338{x=-849, y=98, z=1229} but found not block entity block Block{minecraft:ice} at location
[00:05:05] [Server thread/WARN]: Tried to load a block entity for block Block{minecraft:ice} but failed at location class_2338{x=-849, y=98, z=1229}
[00:05:05] [Server thread/WARN]: Tried to load a DUMMY block entity @ class_2338{x=-849, y=97, z=1229} but found not block entity block Block{minecraft:ice} at location
[00:05:05] [Server thread/WARN]: Tried to load a block entity for block Block{minecraft:ice} but failed at location class_2338{x=-849, y=97, z=1229}
[00:05:05] [Server thread/WARN]: Tried to load a DUMMY block entity @ class_2338{x=-849, y=98, z=1231} but found not block entity block Block{minecraft:ice} at location
[00:05:05] [Server thread/WARN]: Tried to load a block entity for block Block{minecraft:ice} but failed at location class_2338{x=-849, y=98, z=1231}
[00:05:05] [Server thread/WARN]: Tried to load a DUMMY block entity @ class_2338{x=-849, y=97, z=1230} but found not block entity block Block{minecraft:ice} at location
[00:05:05] [Server thread/WARN]: Tried to load a block entity for block Block{minecraft:ice} but failed at location class_2338{x=-849, y=97, z=1230}
[00:05:05] [Server thread/WARN]: Tried to load a DUMMY block entity @ class_2338{x=-849, y=97, z=1231} but found not block entity block Block{minecraft:ice} at location
[00:05:05] [Server thread/WARN]: Tried to load a block entity for block Block{minecraft:ice} but failed at location class_2338{x=-849, y=97, z=1231}
[00:05:17] [Server thread/WARN]: Tried to load a DUMMY block entity @ class_2338{x=-880, y=98, z=1295} but found not block entity block Block{minecraft:ice} at location
[00:05:17] [Server thread/WARN]: Tried to load a block entity for block Block{minecraft:ice} but failed at location class_2338{x=-880, y=98, z=1295}
[00:05:17] [Server thread/WARN]: Tried to load a DUMMY block entity @ class_2338{x=-880, y=98, z=1294} but found not block entity block Block{minecraft:ice} at location
[00:05:17] [Server thread/WARN]: Tried to load a block entity for block Block{minecraft:ice} but failed at location class_2338{x=-880, y=98, z=1294}
[00:05:17] [Server thread/WARN]: Tried to load a DUMMY block entity @ class_2338{x=-880, y=99, z=1295} but found not block entity block Block{minecraft:ice} at location
[00:05:17] [Server thread/WARN]: Tried to load a block entity for block Block{minecraft:ice} but failed at location class_2338{x=-880, y=99, z=1295}
[00:05:19] [Server thread/WARN]: Tried to load a DUMMY block entity @ class_2338{x=-865, y=105, z=1248} but found not block entity block Block{minecraft:ice} at location
[00:05:19] [Server thread/WARN]: Tried to load a block entity for block Block{minecraft:ice} but failed at location class_2338{x=-865, y=105, z=1248}
[00:05:19] [Server thread/WARN]: Tried to load a DUMMY block entity @ class_2338{x=-866, y=105, z=1249} but found not block entity block Block{minecraft:ice} at location
[00:05:19] [Server thread/WARN]: Tried to load a block entity for block Block{minecraft:ice} but failed at location class_2338{x=-866, y=105, z=1249}
[00:05:19] [Server thread/WARN]: Tried to load a DUMMY block entity @ class_2338{x=-865, y=105, z=1249} but found not block entity block Block{minecraft:ice} at location
[00:05:19] [Server thread/WARN]: Tried to load a block entity for block Block{minecraft:ice} but failed at location class_2338{x=-865, y=105, z=1249}
[00:05:19] [Server thread/WARN]: Tried to load a DUMMY block entity @ class_2338{x=-865, y=103, z=1248} but found not block entity block Block{minecraft:ice} at location
[00:05:19] [Server thread/WARN]: Tried to load a block entity for block Block{minecraft:ice} but failed at location class_2338{x=-865, y=103, z=1248}
[00:05:19] [Server thread/WARN]: Tried to load a DUMMY block entity @ class_2338{x=-865, y=104, z=1249} but found not block entity block Block{minecraft:ice} at location
[00:05:19] [Server thread/WARN]: Tried to load a block entity for block Block{minecraft:ice} but failed at location class_2338{x=-865, y=104, z=1249}
[00:05:19] [Server thread/WARN]: Tried to load a DUMMY block entity @ class_2338{x=-865, y=104, z=1250} but found not block entity block Block{minecraft:ice} at location
[00:05:19] [Server thread/WARN]: Tried to load a block entity for block Block{minecraft:ice} but failed at location class_2338{x=-865, y=104, z=1250}
[00:05:51] [Server thread/INFO]: Dioweo has made the advancement [Gravedigger]
[00:05:55] [Server thread/INFO]: Poopsi has made the advancement [Gravedigger]
[00:06:22] [Server thread/INFO]: Poopsi has made the advancement [Suit Up]
[00:07:31] [pool-12-thread-2/INFO]: Searching for closest structure among [ResourceKey[minecraft:worldgen/structure / ctov:small/village_mountain], ResourceKey[minecraft:worldgen/structure / towns_and_towers:exclusives/village_wandering_trader_camp], ResourceKey[minecraft:worldgen/structure / towns_and_towers:village_grove], ResourceKey[minecraft:worldgen/structure / towns_and_towers:exclusives/village_classic], ResourceKey[minecraft:worldgen/structure / ctov:small/village_snowy], ResourceKey[minecraft:worldgen/structure / towns_and_towers:village_sparse_jungle], ResourceKey[minecraft:worldgen/structure / towns_and_towers:village_sunflower_plains], ResourceKey[minecraft:worldgen/structure / repurposed_structures:village_giant_taiga]] from pos class_2338{x=-805, y=73, z=1611}
[00:07:38] [Server thread/WARN]: Can't keep up! Is the server overloaded? Running 5906ms or 118 ticks behind
[00:07:45] [Worker-Main-15/WARN]: Moog's Voyager Structures: Empty or nonexistent pool: mvs:farm/side_pool which is being called from mvs:other_decoration/wheat_grain_bin
[00:08:19] [Server thread/WARN]: Can't keep up! Is the server overloaded? Running 3417ms or 68 ticks behind
[00:08:21] [Worker-Main-15/WARN]: Tried to access a block entity before it was created. class_2338{x=-1139, y=1, z=1556}
[00:08:21] [Worker-Main-15/WARN]: Tried to access a block entity before it was created. class_2338{x=-1139, y=1, z=1558}
[00:08:21] [Worker-Main-15/WARN]: Tried to access a block entity before it was created. class_2338{x=-1139, y=1, z=1560}
[00:08:30] [Worker-Main-15/WARN]: Moog's Voyager Structures: Empty or nonexistent pool: mvs:farm/side_pool which is being called from mvs:other_decoration/wooden_wheat_farm
[00:08:41] [Server thread/WARN]: Tried to load a DUMMY block entity @ class_2338{x=-1137, y=62, z=1663} but found not block entity block Block{minecraft:ice} at location
[00:08:41] [Server thread/WARN]: Tried to load a block entity for block Block{minecraft:ice} but failed at location class_2338{x=-1137, y=62, z=1663}
[00:08:41] [Server thread/WARN]: Tried to load a DUMMY block entity @ class_2338{x=-1138, y=62, z=1662} but found not block entity block Block{minecraft:ice} at location
[00:08:41] [Server thread/WARN]: Tried to load a block entity for block Block{minecraft:ice} but failed at location class_2338{x=-1138, y=62, z=1662}
[00:08:41] [Server thread/WARN]: Tried to load a DUMMY block entity @ class_2338{x=-1137, y=62, z=1661} but found not block entity block Block{minecraft:ice} at location
[00:08:41] [Server thread/WARN]: Tried to load a block entity for block Block{minecraft:ice} but failed at location class_2338{x=-1137, y=62, z=1661}
[00:08:41] [Server thread/WARN]: Tried to load a DUMMY block entity @ class_2338{x=-1138, y=62, z=1663} but found not block entity block Block{minecraft:ice} at location
[00:08:41] [Server thread/WARN]: Tried to load a block entity for block Block{minecraft:ice} but failed at location class_2338{x=-1138, y=62, z=1663}
[00:08:41] [Server thread/WARN]: Tried to load a DUMMY block entity @ class_2338{x=-1137, y=62, z=1662} but found not block entity block Block{minecraft:ice} at location
[00:08:41] [Server thread/WARN]: Tried to load a block entity for block Block{minecraft:ice} but failed at location class_2338{x=-1137, y=62, z=1662}
[00:08:44] [Server thread/WARN]: Tried to load a DUMMY block entity @ class_2338{x=-1137, y=62, z=1664} but found not block entity block Block{minecraft:ice} at location
[00:08:44] [Server thread/WARN]: Tried to load a block entity for block Block{minecraft:ice} but failed at location class_2338{x=-1137, y=62, z=1664}
[00:08:44] [Server thread/WARN]: Tried to load a DUMMY block entity @ class_2338{x=-1137, y=62, z=1665} but found not block entity block Block{minecraft:ice} at location
[00:08:44] [Server thread/WARN]: Tried to load a block entity for block Block{minecraft:ice} but failed at location class_2338{x=-1137, y=62, z=1665}
[00:09:13] [Server thread/WARN]: Tried to load a DUMMY block entity @ class_2338{x=-991, y=62, z=1775} but found not block entity block Block{minecraft:ice} at location
[00:09:13] [Server thread/WARN]: Tried to load a block entity for block Block{minecraft:ice} but failed at location class_2338{x=-991, y=62, z=1775}
[00:09:13] [Server thread/WARN]: Tried to load a DUMMY block entity @ class_2338{x=-992, y=62, z=1775} but found not block entity block Block{minecraft:ice} at location
[00:09:13] [Server thread/WARN]: Tried to load a block entity for block Block{minecraft:ice} but failed at location class_2338{x=-992, y=62, z=1775}
[00:12:56] [Server thread/WARN]: Can't keep up! Is the server overloaded? Running 2009ms or 40 ticks behind
[00:17:42] [Server thread/WARN]: Can't keep up! Is the server overloaded? Running 2286ms or 45 ticks behind
[00:17:46] [Server thread/INFO]: Dioweo has made the advancement [Isn't It Iron Pick]
[00:18:00] [Server thread/WARN]: Can't keep up! Is the server overloaded? Running 2775ms or 55 ticks behind
[00:18:02] [Server thread/INFO]: Poopsi has made the advancement [Acquire Hardware]
[00:18:03] [Server thread/WARN]: Tried to load a DUMMY block entity @ class_2338{x=-1312, y=49, z=1744} but found not block entity block Block{minecraft:ice} at location
[00:18:03] [Server thread/WARN]: Tried to load a block entity for block Block{minecraft:ice} but failed at location class_2338{x=-1312, y=49, z=1744}
[00:18:03] [Server thread/WARN]: Tried to load a DUMMY block entity @ class_2338{x=-1298, y=62, z=1745} but found not block entity block Block{minecraft:ice} at location
[00:18:03] [Server thread/WARN]: Tried to load a block entity for block Block{minecraft:ice} but failed at location class_2338{x=-1298, y=62, z=1745}
[00:18:03] [Server thread/WARN]: Tried to load a DUMMY block entity @ class_2338{x=-1311, y=48, z=1744} but found not block entity block Block{minecraft:ice} at location
[00:18:03] [Server thread/WARN]: Tried to load a block entity for block Block{minecraft:ice} but failed at location class_2338{x=-1311, y=48, z=1744}
[00:18:03] [Server thread/WARN]: Tried to load a DUMMY block entity @ class_2338{x=-1312, y=48, z=1744} but found not block entity block Block{minecraft:ice} at location
[00:18:03] [Server thread/WARN]: Tried to load a block entity for block Block{minecraft:ice} but failed at location class_2338{x=-1312, y=48, z=1744}
[00:18:03] [Server thread/WARN]: Tried to load a DUMMY block entity @ class_2338{x=-1311, y=48, z=1746} but found not block entity block Block{minecraft:ice} at location
[00:18:03] [Server thread/WARN]: Tried to load a block entity for block Block{minecraft:ice} but failed at location class_2338{x=-1311, y=48, z=1746}
[00:18:03] [Server thread/WARN]: Tried to load a DUMMY block entity @ class_2338{x=-1297, y=62, z=1745} but found not block entity block Block{minecraft:ice} at location
[00:18:03] [Server thread/WARN]: Tried to load a block entity for block Block{minecraft:ice} but failed at location class_2338{x=-1297, y=62, z=1745}
[00:18:03] [Server thread/WARN]: Tried to load a DUMMY block entity @ class_2338{x=-1297, y=63, z=1745} but found not block entity block Block{minecraft:ice} at location
[00:18:03] [Server thread/WARN]: Tried to load a block entity for block Block{minecraft:ice} but failed at location class_2338{x=-1297, y=63, z=1745}
[00:18:03] [Server thread/WARN]: Tried to load a DUMMY block entity @ class_2338{x=-1298, y=63, z=1745} but found not block entity block Block{minecraft:ice} at location
[00:18:03] [Server thread/WARN]: Tried to load a block entity for block Block{minecraft:ice} but failed at location class_2338{x=-1298, y=63, z=1745}
[00:18:03] [Server thread/WARN]: Tried to load a DUMMY block entity @ class_2338{x=-1312, y=47, z=1745} but found not block entity block Block{minecraft:ice} at location
[00:18:03] [Server thread/WARN]: Tried to load a block entity for block Block{minecraft:ice} but failed at location class_2338{x=-1312, y=47, z=1745}
[00:18:03] [Server thread/WARN]: Tried to load a DUMMY block entity @ class_2338{x=-1298, y=63, z=1744} but found not block entity block Block{minecraft:ice} at location
[00:18:03] [Server thread/WARN]: Tried to load a block entity for block Block{minecraft:ice} but failed at location class_2338{x=-1298, y=63, z=1744}
[00:18:03] [Server thread/WARN]: Tried to load a DUMMY block entity @ class_2338{x=-1297, y=62, z=1744} but found not block entity block Block{minecraft:ice} at location
[00:18:03] [Server thread/WARN]: Tried to load a block entity for block Block{minecraft:ice} but failed at location class_2338{x=-1297, y=62, z=1744}
[00:18:03] [Server thread/WARN]: Tried to load a DUMMY block entity @ class_2338{x=-1298, y=62, z=1744} but found not block entity block Block{minecraft:ice} at location
[00:18:03] [Server thread/WARN]: Tried to load a block entity for block Block{minecraft:ice} but failed at location class_2338{x=-1298, y=62, z=1744}
[00:18:03] [Server thread/WARN]: Tried to load a DUMMY block entity @ class_2338{x=-1298, y=62, z=1746} but found not block entity block Block{minecraft:ice} at location
[00:18:03] [Server thread/WARN]: Tried to load a block entity for block Block{minecraft:ice} but failed at location class_2338{x=-1298, y=62, z=1746}
[00:18:03] [Server thread/WARN]: Tried to load a DUMMY block entity @ class_2338{x=-1311, y=48, z=1745} but found not block entity block Block{minecraft:ice} at location
[00:18:03] [Server thread/WARN]: Tried to load a block entity for block Block{minecraft:ice} but failed at location class_2338{x=-1311, y=48, z=1745}
[00:18:03] [Server thread/WARN]: Tried to load a DUMMY block entity @ class_2338{x=-1298, y=63, z=1746} but found not block entity block Block{minecraft:ice} at location
[00:18:03] [Server thread/WARN]: Tried to load a block entity for block Block{minecraft:ice} but failed at location class_2338{x=-1298, y=63, z=1746}
[00:18:03] [Server thread/WARN]: Tried to load a DUMMY block entity @ class_2338{x=-1297, y=63, z=1744} but found not block entity block Block{minecraft:ice} at location
[00:18:03] [Server thread/WARN]: Tried to load a block entity for block Block{minecraft:ice} but failed at location class_2338{x=-1297, y=63, z=1744}
[00:18:03] [Server thread/WARN]: Tried to load a DUMMY block entity @ class_2338{x=-1312, y=49, z=1745} but found not block entity block Block{minecraft:ice} at location
[00:18:03] [Server thread/WARN]: Tried to load a block entity for block Block{minecraft:ice} but failed at location class_2338{x=-1312, y=49, z=1745}
[00:18:10] [Server thread/WARN]: Tried to load a DUMMY block entity @ class_2338{x=-1313, y=54, z=1791} but found not block entity block Block{minecraft:ice} at location
[00:18:10] [Server thread/WARN]: Tried to load a block entity for block Block{minecraft:ice} but failed at location class_2338{x=-1313, y=54, z=1791}
[00:18:10] [Server thread/WARN]: Tried to load a DUMMY block entity @ class_2338{x=-1314, y=53, z=1791} but found not block entity block Block{minecraft:ice} at location
[00:18:10] [Server thread/WARN]: Tried to load a block entity for block Block{minecraft:ice} but failed at location class_2338{x=-1314, y=53, z=1791}
[00:18:11] [Worker-Main-14/WARN]: Empty or non-existent pool: minecraft:witch_hut/foundation
[00:18:11] [Worker-Main-14/WARN]: Empty or non-existent pool: minecraft:witch_hut/foundation
[00:18:11] [Worker-Main-14/WARN]: Empty or non-existent pool: minecraft:witch_hut/foundation
[00:18:11] [Worker-Main-14/WARN]: Empty or non-existent pool: minecraft:witch_hut/foundation
[00:18:11] [Worker-Main-14/WARN]: Empty or non-existent pool: minecraft:witch_hut/foundation
[00:18:11] [Worker-Main-14/WARN]: Empty or non-existent pool: minecraft:witch_hut/foundation
[00:18:11] [Worker-Main-14/WARN]: Empty or non-existent pool: minecraft:witch_hut/foundation
[00:18:11] [Worker-Main-14/WARN]: Empty or non-existent pool: minecraft:witch_hut/foundation
[00:18:21] [Server thread/WARN]: Can't keep up! Is the server overloaded? Running 5843ms or 116 ticks behind
[00:18:47] [Server thread/INFO]: Dioweo has made the advancement [Diamonds!]
[00:19:03] [Server thread/INFO]: [Poopsi: Teleported Poopsi to -978.500000, 135.500000, 1624.500000]
[00:19:52] [Server thread/INFO]: Poopsi has made the advancement [Isn't It Iron Pick]
[00:25:07] [Server thread/INFO]: <Poopsi> SE ME MURIO
[00:25:17] [Server thread/INFO]: Poopsi has made the advancement [Hearty Meal]
